<?xml version="1.0" encoding="UTF-8"?>
<testng-results ignored="0" total="1" passed="1" failed="0" skipped="0">
  <reporter-output>
  </reporter-output>
  <suite started-at="2024-07-17T15:56:59 TRT" name="Default Suite" finished-at="2024-07-17T15:57:22 TRT" duration-ms="22864">
    <groups>
    </groups>
    <test started-at="2024-07-17T15:56:59 TRT" name="OLARTIK" finished-at="2024-07-17T15:57:22 TRT" duration-ms="22864">
      <class name="Tests.Test1">
        <test-method signature="testDemoQA()[pri:0, instance:Tests.Test1@7692d9cc]" started-at="2024-07-17T15:56:59 TRT" name="testDemoQA" finished-at="2024-07-17T15:57:22 TRT" duration-ms="22818" status="PASS">
          <reporter-output>
          </reporter-output>
        </test-method> <!-- testDemoQA -->
      </class> <!-- Tests.Test1 -->
    </test> <!-- OLARTIK -->
  </suite> <!-- Default Suite -->
</testng-results>
