<?xml version="1.0" encoding="UTF-8"?>
<testng-results ignored="0" total="1" passed="1" failed="0" skipped="0">
  <reporter-output>
  </reporter-output>
  <suite started-at="2024-07-18T09:10:18 TRT" name="Default Suite" finished-at="2024-07-18T09:10:35 TRT" duration-ms="16616">
    <groups>
    </groups>
    <test started-at="2024-07-18T09:10:18 TRT" name="Otomasyon" finished-at="2024-07-18T09:10:35 TRT" duration-ms="16616">
      <class name="Tests.Test1">
        <test-method signature="testDemoQA()[pri:0, instance:Tests.Test1@23529fee]" started-at="2024-07-18T09:10:18 TRT" name="testDemoQA" finished-at="2024-07-18T09:10:35 TRT" duration-ms="16529" status="PASS">
          <reporter-output>
          </reporter-output>
        </test-method> <!-- testDemoQA -->
      </class> <!-- Tests.Test1 -->
    </test> <!-- Otomasyon -->
  </suite> <!-- Default Suite -->
</testng-results>
